# JRE version: Java(TM) SE Runtime Environment (8.0_60-b27) (build 1.8.0_60-b27)
# Java VM: Java HotSpot(TM) 64-Bit Server VM (25.60-b23 mixed mode linux-amd64 compressed oops)
Heap:
 PSYoungGen      total 660992K, used 163724K [0x00000000d7180000, 0x0000000100000000, 0x0000000100000000)
  eden space 651776K, 25% used [0x00000000d7180000,0x00000000e114b340,0x00000000fee00000)
  from space 9216K, 21% used [0x00000000fee00000,0x00000000fefe81f8,0x00000000ff700000)
  to   space 9216K, 0% used [0x00000000ff700000,0x00000000ff700000,0x0000000100000000)
 ParOldGen       total 49664K, used 21445K [0x0000000085400000, 0x0000000088480000, 0x00000000d7180000)
  object space 49664K, 43% used [0x0000000085400000,0x00000000868f1500,0x0000000088480000)
 Metaspace       used 22868K, capacity 23062K, committed 23552K, reserved 1069056K
  class space    used 2958K, capacity 3021K, committed 3072K, reserved 1048576K
GC Heap History (10 events):
Event: 52.403 GC heap before
{Heap before GC invocations=433 (full 1):
 PSYoungGen      total 660992K, used 653724K [0x00000000d7180000, 0x00000000fff80000, 0x0000000100000000)
  eden space 651776K, 100% used [0x00000000d7180000,0x00000000fee00000,0x00000000fee00000)
  from space 9216K, 21% used [0x00000000fee00000,0x00000000fefe71b8,0x00000000ff700000)
  to   space 8704K, 0% used [0x00000000ff700000,0x00000000ff700000,0x00000000fff80000)
 ParOldGen       total 49664K, used 21293K [0x0000000085400000, 0x0000000088480000, 0x00000000d7180000)
  object space 49664K, 42% used [0x0000000085400000,0x00000000868cb500,0x0000000088480000)
 Metaspace       used 22844K, capacity 23062K, committed 23552K, reserved 1069056K
  class space    used 2958K, capacity 3021K, committed 3072K, reserved 1048576K
Event: 52.405 GC heap after
Heap after GC invocations=433 (full 1):
 PSYoungGen      total 660480K, used 5719K [0x00000000d7180000, 0x0000000100000000, 0x0000000100000000)
  eden space 651776K, 0% used [0x00000000d7180000,0x00000000d7180000,0x00000000fee00000)
  from space 8704K, 65% used [0x00000000ff700000,0x00000000ffc95d28,0x00000000fff80000)
  to   space 9216K, 0% used [0x00000000fee00000,0x00000000fee00000,0x00000000ff700000)
 ParOldGen       total 49664K, used 21325K [0x0000000085400000, 0x0000000088480000, 0x00000000d7180000)
  object space 49664K, 42% used [0x0000000085400000,0x00000000868d3500,0x0000000088480000)
 Metaspace       used 22844K, capacity 23062K, committed 23552K, reserved 1069056K
  class space    used 2958K, capacity 3021K, committed 3072K, reserved 1048576K
}
Event: 52.492 GC heap before
{Heap before GC invocations=434 (full 1):
 PSYoungGen      total 660480K, used 656273K [0x00000000d7180000, 0x0000000100000000, 0x0000000100000000)
  eden space 651776K, 99% used [0x00000000d7180000,0x00000000fecce9d8,0x00000000fee00000)
  from space 8704K, 65% used [0x00000000ff700000,0x00000000ffc95d28,0x00000000fff80000)
  to   space 9216K, 0% used [0x00000000fee00000,0x00000000fee00000,0x00000000ff700000)
 ParOldGen       total 49664K, used 21325K [0x0000000085400000, 0x0000000088480000, 0x00000000d7180000)
  object space 49664K, 42% used [0x0000000085400000,0x00000000868d3500,0x0000000088480000)
 Metaspace       used 22844K, capacity 23062K, committed 23552K, reserved 1069056K
  class space    used 2958K, capacity 3021K, committed 3072K, reserved 1048576K
Event: 52.494 GC heap after
Heap after GC invocations=434 (full 1):
 PSYoungGen      total 660992K, used 5657K [0x00000000d7180000, 0x0000000100000000, 0x0000000100000000)
  eden space 651776K, 0% used [0x00000000d7180000,0x00000000d7180000,0x00000000fee00000)
  from space 9216K, 61% used [0x00000000fee00000,0x00000000ff386578,0x00000000ff700000)
  to   space 9216K, 0% used [0x00000000ff700000,0x00000000ff700000,0x0000000100000000)
 ParOldGen       total 49664K, used 21349K [0x0000000085400000, 0x0000000088480000, 0x00000000d7180000)
  object space 49664K, 42% used [0x0000000085400000,0x00000000868d9500,0x0000000088480000)
 Metaspace       used 22844K, capacity 23062K, committed 23552K, reserved 1069056K
  class space    used 2958K, capacity 3021K, committed 3072K, reserved 1048576K
}
Event: 52.580 GC heap before
{Heap before GC invocations=435 (full 1):
 PSYoungGen      total 660992K, used 656420K [0x00000000d7180000, 0x0000000100000000, 0x0000000100000000)
  eden space 651776K, 99% used [0x00000000d7180000,0x00000000fed02ac0,0x00000000fee00000)
  from space 9216K, 61% used [0x00000000fee00000,0x00000000ff386578,0x00000000ff700000)
  to   space 9216K, 0% used [0x00000000ff700000,0x00000000ff700000,0x0000000100000000)
 ParOldGen       total 49664K, used 21349K [0x0000000085400000, 0x0000000088480000, 0x00000000d7180000)
  object space 49664K, 42% used [0x0000000085400000,0x00000000868d9500,0x0000000088480000)
 Metaspace       used 22844K, capacity 23062K, committed 23552K, reserved 1069056K
  class space    used 2958K, capacity 3021K, committed 3072K, reserved 1048576K
Event: 52.583 GC heap after
Heap after GC invocations=435 (full 1):
 PSYoungGen      total 660992K, used 5659K [0x00000000d7180000, 0x0000000100000000, 0x0000000100000000)
  eden space 651776K, 0% used [0x00000000d7180000,0x00000000d7180000,0x00000000fee00000)
  from space 9216K, 61% used [0x00000000ff700000,0x00000000ffc86d90,0x0000000100000000)
  to   space 9216K, 0% used [0x00000000fee00000,0x00000000fee00000,0x00000000ff700000)
 ParOldGen       total 49664K, used 21381K [0x0000000085400000, 0x0000000088480000, 0x00000000d7180000)
  object space 49664K, 43% used [0x0000000085400000,0x00000000868e1500,0x0000000088480000)
 Metaspace       used 22844K, capacity 23062K, committed 23552K, reserved 1069056K
  class space    used 2958K, capacity 3021K, committed 3072K, reserved 1048576K
}
Event: 52.669 GC heap before
{Heap before GC invocations=436 (full 1):
 PSYoungGen      total 660992K, used 656679K [0x00000000d7180000, 0x0000000100000000, 0x0000000100000000)
  eden space 651776K, 99% used [0x00000000d7180000,0x00000000fed42ef8,0x00000000fee00000)
  from space 9216K, 61% used [0x00000000ff700000,0x00000000ffc86d90,0x0000000100000000)
  to   space 9216K, 0% used [0x00000000fee00000,0x00000000fee00000,0x00000000ff700000)
 ParOldGen       total 49664K, used 21381K [0x0000000085400000, 0x0000000088480000, 0x00000000d7180000)
  object space 49664K, 43% used [0x0000000085400000,0x00000000868e1500,0x0000000088480000)
 Metaspace       used 22844K, capacity 23062K, committed 23552K, reserved 1069056K
  class space    used 2958K, capacity 3021K, committed 3072K, reserved 1048576K
Event: 52.671 GC heap after
Heap after GC invocations=436 (full 1):
 PSYoungGen      total 660992K, used 5661K [0x00000000d7180000, 0x0000000100000000, 0x0000000100000000)
  eden space 651776K, 0% used [0x00000000d7180000,0x00000000d7180000,0x00000000fee00000)
  from space 9216K, 61% used [0x00000000fee00000,0x00000000ff3875e0,0x00000000ff700000)
  to   space 9216K, 0% used [0x00000000ff700000,0x00000000ff700000,0x0000000100000000)
 ParOldGen       total 49664K, used 21413K [0x0000000085400000, 0x0000000088480000, 0x00000000d7180000)
  object space 49664K, 43% used [0x0000000085400000,0x00000000868e9500,0x0000000088480000)
 Metaspace       used 22844K, capacity 23062K, committed 23552K, reserved 1069056K
  class space    used 2958K, capacity 3021K, committed 3072K, reserved 1048576K
}
Event: 52.799 GC heap before
{Heap before GC invocations=437 (full 1):
 PSYoungGen      total 660992K, used 656930K [0x00000000d7180000, 0x0000000100000000, 0x0000000100000000)
  eden space 651776K, 99% used [0x00000000d7180000,0x00000000fed81380,0x00000000fee00000)
  from space 9216K, 61% used [0x00000000fee00000,0x00000000ff3875e0,0x00000000ff700000)
  to   space 9216K, 0% used [0x00000000ff700000,0x00000000ff700000,0x0000000100000000)
 ParOldGen       total 49664K, used 21413K [0x0000000085400000, 0x0000000088480000, 0x00000000d7180000)
  object space 49664K, 43% used [0x0000000085400000,0x00000000868e9500,0x0000000088480000)
 Metaspace       used 22844K, capacity 23062K, committed 23552K, reserved 1069056K
  class space    used 2958K, capacity 3021K, committed 3072K, reserved 1048576K
Event: 52.804 GC heap after
Heap after GC invocations=437 (full 1):
 PSYoungGen      total 660992K, used 5663K [0x00000000d7180000, 0x0000000100000000, 0x0000000100000000)
  eden space 651776K, 0% used [0x00000000d7180000,0x00000000d7180000,0x00000000fee00000)
  from space 9216K, 61% used [0x00000000ff700000,0x00000000ffc87df8,0x0000000100000000)
  to   space 9216K, 0% used [0x00000000fee00000,0x00000000fee00000,0x00000000ff700000)
 ParOldGen       total 49664K, used 21445K [0x0000000085400000, 0x0000000088480000, 0x00000000d7180000)
  object space 49664K, 43% used [0x0000000085400000,0x00000000868f1500,0x0000000088480000)
 Metaspace       used 22844K, capacity 23062K, committed 23552K, reserved 1069056K
  class space    used 2958K, capacity 3021K, committed 3072K, reserved 1048576K
}

